[2025-04-09 22:21:32] This is codeql database analyze /home/jgz/data/db/qqq --format=CSV --output=/home/jgz/data/result/qqq.csv --download codeql/cpp-queries
[2025-04-09 22:21:32] Log file was started late.
[2025-04-09 22:21:32] [DETAILS] database analyze> Downloading queries...
[2025-04-09 22:21:32] Running plumbing command: codeql pack download --format json --qlconfig-file=/home/jgz/vulmine/qlconfig.yml -- codeql/cpp-queries
[2025-04-09 22:21:32] [PROGRESS] pack download> Package specifications to check for download: codeql/cpp-queries
[2025-04-09 22:21:32] Calling plumbing command: codeql resolve queries --qlconfig-file=/home/jgz/vulmine/qlconfig.yml --format installedpacks codeql/cpp-queries
[2025-04-09 22:21:32] [PROGRESS] resolve queries> Recording pack reference codeql/cpp-queries at /home/jgz/.codeql/packages/codeql/cpp-queries/1.3.7.
[2025-04-09 22:21:32] Plumbing command codeql resolve queries completed:
                      {
                        "installedPacks" : [
                          "codeql/cpp-queries@latest"
                        ]
                      }
[2025-04-09 22:21:33] [DETAILS] pack download> Packaging> Requesting package versions of codeql/cpp-queries from https://ghcr.io/v2/codeql/cpp-queries/tags/list?n=100
[2025-04-09 22:21:33] [DETAILS] pack download> Packaging> GET Anonymous credentials 'https://ghcr.io/token?scope=repository:codeql/cpp-queries:pull'
[2025-04-09 22:21:34] [DETAILS] pack download> Packaging> RESPONSE 'HTTP/1.1 200 OK'
[2025-04-09 22:21:35] [PROGRESS] pack download> Did not need to download any packs.
[2025-04-09 22:21:35] Plumbing command codeql pack download completed.
[2025-04-09 22:21:35] [PROGRESS] database analyze> Running queries.
[2025-04-09 22:21:35] Running plumbing command: codeql database run-queries --evaluator-log-level=5 --warnings=show --dynamic-join-order-mode=none --qlconfig-file=/home/jgz/vulmine/qlconfig.yml --no-rerun --interpret-passthrough=null,--format=csv,-o=/home/jgz/data/result/qqq.csv,--max-paths=4,--csv-location-format=line-column,--print-diagnostics-summary,--print-metrics-summary,--qlconfig-file=/home/jgz/vulmine/qlconfig.yml,--,/home/jgz/data/db/qqq,codeql/cpp-queries -- /home/jgz/data/db/qqq codeql/cpp-queries
[2025-04-09 22:21:35] Calling plumbing command: codeql resolve ram --dataset=/home/jgz/data/db/qqq/db-cpp --format=json
[2025-04-09 22:21:35] [PROGRESS] resolve ram> Stringpool size measured as 9994682
[2025-04-09 22:21:35] Plumbing command codeql resolve ram completed:
                      [
                        "-J-Xmx1297M"
                      ]
[2025-04-09 22:21:35] Chaining via /tmp/codeql.cgRyfqw8 to plumbing: execute queries -J-Xmx1297M --verbosity=progress --logdir=/home/jgz/data/db/qqq/log --evaluator-log-level=5 --warnings=show --dynamic-join-order-mode=none --qlconfig-file=/home/jgz/vulmine/qlconfig.yml --no-rerun --interpret-passthrough=null,--format=csv,-o=/home/jgz/data/result/qqq.csv,--max-paths=4,--csv-location-format=line-column,--print-diagnostics-summary,--print-metrics-summary,--qlconfig-file=/home/jgz/vulmine/qlconfig.yml,--,/home/jgz/data/db/qqq,codeql/cpp-queries --output=/home/jgz/data/db/qqq/results -- /home/jgz/data/db/qqq/db-cpp codeql/cpp-queries
[2025-04-09 22:21:35] Plumbing command codeql database run-queries completed with status 70.
[2025-04-09 22:21:35] Exiting with code 70
