[2025-03-19 16:54:22] This is codeql database analyze /home/wjj/data/db/sqlite --format=CSV --output=/home/wjj/data/result/sqlite.csv --download codeql/cpp-queries
[2025-03-19 16:54:22] Log file was started late.
[2025-03-19 16:54:22] [DETAILS] database analyze> Downloading queries...
[2025-03-19 16:54:22] Running plumbing command: codeql pack download --format json --qlconfig-file=/home/wjj/qlconfig.yml -- codeql/cpp-queries
[2025-03-19 16:54:22] [PROGRESS] pack download> Package specifications to check for download: codeql/cpp-queries
[2025-03-19 16:54:22] Calling plumbing command: codeql resolve queries --qlconfig-file=/home/wjj/qlconfig.yml --format installedpacks codeql/cpp-queries
[2025-03-19 16:54:22] [PROGRESS] resolve queries> Recording pack reference codeql/cpp-queries at /home/wjj/.codeql/packages/codeql/cpp-queries/1.3.6.
[2025-03-19 16:54:22] Plumbing command codeql resolve queries completed:
                      {
                        "installedPacks" : [
                          "codeql/cpp-queries@latest"
                        ]
                      }
[2025-03-19 16:54:23] [DETAILS] pack download> Packaging> Requesting package versions of codeql/cpp-queries from https://ghcr.io/v2/codeql/cpp-queries/tags/list?n=100
[2025-03-19 16:54:23] [DETAILS] pack download> Packaging> GET Anonymous credentials 'https://ghcr.io/token?scope=repository:codeql/cpp-queries:pull'
[2025-03-19 16:54:24] [DETAILS] pack download> Packaging> RESPONSE 'HTTP/1.1 200 OK'
[2025-03-19 16:54:25] [PROGRESS] pack download> Did not need to download any packs.
[2025-03-19 16:54:25] Plumbing command codeql pack download completed.
[2025-03-19 16:54:25] [PROGRESS] database analyze> Running queries.
[2025-03-19 16:54:25] Running plumbing command: codeql database run-queries --evaluator-log-level=5 --warnings=show --dynamic-join-order-mode=none --qlconfig-file=/home/wjj/qlconfig.yml --no-rerun --interpret-passthrough=null,--format=csv,-o=/home/wjj/data/result/sqlite.csv,--max-paths=4,--csv-location-format=line-column,--print-diagnostics-summary,--print-metrics-summary,--qlconfig-file=/home/wjj/qlconfig.yml,--,/home/wjj/data/db/sqlite,codeql/cpp-queries -- /home/wjj/data/db/sqlite codeql/cpp-queries
[2025-03-19 16:54:25] Calling plumbing command: codeql resolve ram --dataset=/home/wjj/data/db/sqlite/db-cpp --format=json
[2025-03-19 16:54:25] [PROGRESS] resolve ram> Stringpool size measured as 9994682
[2025-03-19 16:54:25] Plumbing command codeql resolve ram completed:
                      [
                        "-J-Xmx12838M",
                        "--off-heap-ram=15971"
                      ]
[2025-03-19 16:54:25] Chaining via /tmp/codeql.WbBRZ09f to plumbing: execute queries -J-Xmx12838M --off-heap-ram=15971 --verbosity=progress --logdir=/home/wjj/data/db/sqlite/log --evaluator-log-level=5 --warnings=show --dynamic-join-order-mode=none --qlconfig-file=/home/wjj/qlconfig.yml --no-rerun --interpret-passthrough=null,--format=csv,-o=/home/wjj/data/result/sqlite.csv,--max-paths=4,--csv-location-format=line-column,--print-diagnostics-summary,--print-metrics-summary,--qlconfig-file=/home/wjj/qlconfig.yml,--,/home/wjj/data/db/sqlite,codeql/cpp-queries --output=/home/wjj/data/db/sqlite/results -- /home/wjj/data/db/sqlite/db-cpp codeql/cpp-queries
[2025-03-19 16:54:25] Plumbing command codeql database run-queries completed with status 70.
[2025-03-19 16:54:25] Exiting with code 70
