[2025-04-08 15:47:47] This is codeql database analyze /home/jgz/data/db/sq --format=CSV --output=/home/jgz/data/result/sq.csv --download codeql/cpp-queries
[2025-04-08 15:47:47] Log file was started late.
[2025-04-08 15:47:47] [DETAILS] database analyze> Downloading queries...
[2025-04-08 15:47:47] Running plumbing command: codeql pack download --format json --qlconfig-file=/home/jgz/vulmine/qlconfig.yml -- codeql/cpp-queries
[2025-04-08 15:47:47] [PROGRESS] pack download> Package specifications to check for download: codeql/cpp-queries
[2025-04-08 15:47:47] Calling plumbing command: codeql resolve queries --qlconfig-file=/home/jgz/vulmine/qlconfig.yml --format installedpacks codeql/cpp-queries
[2025-04-08 15:47:47] [PROGRESS] resolve queries> Recording pack reference codeql/cpp-queries at /home/jgz/.codeql/packages/codeql/cpp-queries/1.3.7.
[2025-04-08 15:47:47] Plumbing command codeql resolve queries completed:
                      {
                        "installedPacks" : [
                          "codeql/cpp-queries@latest"
                        ]
                      }
[2025-04-08 15:47:47] [DETAILS] pack download> Packaging> Requesting package versions of codeql/cpp-queries from https://ghcr.io/v2/codeql/cpp-queries/tags/list?n=100
[2025-04-08 15:47:47] [DETAILS] pack download> Packaging> GET Anonymous credentials 'https://ghcr.io/token?scope=repository:codeql/cpp-queries:pull'
[2025-04-08 15:47:49] [DETAILS] pack download> Packaging> RESPONSE 'HTTP/1.1 200 OK'
[2025-04-08 15:47:49] [PROGRESS] pack download> Did not need to download any packs.
[2025-04-08 15:47:49] Plumbing command codeql pack download completed.
[2025-04-08 15:47:49] [PROGRESS] database analyze> Running queries.
[2025-04-08 15:47:50] Running plumbing command: codeql database run-queries --evaluator-log-level=5 --warnings=show --dynamic-join-order-mode=none --qlconfig-file=/home/jgz/vulmine/qlconfig.yml --no-rerun --interpret-passthrough=null,--format=csv,-o=/home/jgz/data/result/sq.csv,--max-paths=4,--csv-location-format=line-column,--print-diagnostics-summary,--print-metrics-summary,--qlconfig-file=/home/jgz/vulmine/qlconfig.yml,--,/home/jgz/data/db/sq,codeql/cpp-queries -- /home/jgz/data/db/sq codeql/cpp-queries
[2025-04-08 15:47:50] Calling plumbing command: codeql resolve ram --dataset=/home/jgz/data/db/sq/db-cpp --format=json
[2025-04-08 15:47:50] [PROGRESS] resolve ram> Stringpool size measured as 9994682
[2025-04-08 15:47:50] Plumbing command codeql resolve ram completed:
                      [
                        "-J-Xmx1297M"
                      ]
[2025-04-08 15:47:50] Chaining via /tmp/codeql.jWVctZv2 to plumbing: execute queries -J-Xmx1297M --verbosity=progress --logdir=/home/jgz/data/db/sq/log --evaluator-log-level=5 --warnings=show --dynamic-join-order-mode=none --qlconfig-file=/home/jgz/vulmine/qlconfig.yml --no-rerun --interpret-passthrough=null,--format=csv,-o=/home/jgz/data/result/sq.csv,--max-paths=4,--csv-location-format=line-column,--print-diagnostics-summary,--print-metrics-summary,--qlconfig-file=/home/jgz/vulmine/qlconfig.yml,--,/home/jgz/data/db/sq,codeql/cpp-queries --output=/home/jgz/data/db/sq/results -- /home/jgz/data/db/sq/db-cpp codeql/cpp-queries
[2025-04-08 15:47:50] Plumbing command codeql database run-queries completed with status 70.
[2025-04-08 15:47:50] Exiting with code 70
